<?xml version="1.0" encoding="UTF-8"?>
<!-- Generated by org.testng.reporters.JUnitReportReporter -->
<testsuite skipped="1" hostname="DESKTOP-22O4Q4A" name="org.cts.test.testNG.Sample" tests="5" failures="0" timestamp="12 Aug 2021 13:44:14 GMT" time="0.023" errors="0">
  <testcase name="test1" time="0.007" classname="org.cts.test.testNG.Sample"/>
  <testcase name="test" time="0.004" classname="org.cts.test.testNG.Sample"/>
  <testcase name="test" time="0.002" classname="org.cts.test.testNG.Sample"/>
  <testcase name="test0" time="0.010" classname="org.cts.test.testNG.Sample"/>
  <testcase name="test2" classname="org.cts.test.testNG.Sample">
    <skipped/>
  </testcase> <!-- test2 -->
</testsuite> <!-- org.cts.test.testNG.Sample -->
