<?xml version="1.0" encoding="UTF-8"?>
<!-- Generated by org.testng.reporters.JUnitReportReporter -->
<testsuite skipped="0" hostname="DESKTOP-22O4Q4A" name="org.cts.test.prog.Facebook_Login" tests="2" failures="0" timestamp="12 Aug 2021 14:11:30 GMT" time="9.005" errors="0">
  <testcase name="Test2" time="0.033" classname="org.cts.test.prog.Facebook_Login"/>
  <testcase name="test" time="8.972" classname="org.cts.test.prog.Facebook_Login"/>
</testsuite> <!-- org.cts.test.prog.Facebook_Login -->
